Chapter03/app/build/outputs/logs/manifest-merger-debug-report.txt
-- Merging decision tree log ---
manifest
ADDED from src/main/AndroidManifest.xml:2:1-153:12
	package
		ADDED from src/main/AndroidManifest.xml:3:5-48
		INJECTED from src/main/AndroidManifest.xml
		INJECTED from src/main/AndroidManifest.xml
	android:versionName
		ADDED from src/main/AndroidManifest.xml:5:5-30
	android:versionCode
		ADDED from src/main/AndroidManifest.xml:4:5-28
		INJECTED from src/main/AndroidManifest.xml
		INJECTED from src/main/AndroidManifest.xml
	xmlns:android
		ADDED from src/main/AndroidManifest.xml:2:11-69
uses-sdk
ADDED from src/main/AndroidManifest.xml:7:5-9:41
	android:targetSdkVersion
		ADDED from src/main/AndroidManifest.xml:9:9-38
		INJECTED from src/main/AndroidManifest.xml
		INJECTED from src/main/AndroidManifest.xml
	android:minSdkVersion
		ADDED from src/main/AndroidManifest.xml:8:9-35
		INJECTED from src/main/AndroidManifest.xml
		INJECTED from src/main/AndroidManifest.xml
application
ADDED from src/main/AndroidManifest.xml:11:5-151:19
	android:label
		ADDED from src/main/AndroidManifest.xml:14:9-41
	android:allowBackup
		ADDED from src/main/AndroidManifest.xml:12:9-35
	android:icon
		ADDED from src/main/AndroidManifest.xml:13:9-45
	android:theme
		ADDED from src/main/AndroidManifest.xml:15:9-40
activity#jp.co.se.android.recipe.common.MainActivity
ADDED from src/main/AndroidManifest.xml:16:9-24:20
	android:label
		ADDED from src/main/AndroidManifest.xml:18:13-45
	android:name
		ADDED from src/main/AndroidManifest.xml:17:13-71
intent-filter#android.intent.action.MAIN+android.intent.category.LAUNCHER
ADDED from src/main/AndroidManifest.xml:19:13-23:29
action#android.intent.action.MAIN
ADDED from src/main/AndroidManifest.xml:20:17-69
	android:name
		ADDED from src/main/AndroidManifest.xml:20:25-66
category#android.intent.category.LAUNCHER
ADDED from src/main/AndroidManifest.xml:22:17-77
	android:name
		ADDED from src/main/AndroidManifest.xml:22:27-74
activity#jp.co.se.android.recipe.chapter03.Ch0301
ADDED from src/main/AndroidManifest.xml:25:9-33:20
	android:label
		ADDED from src/main/AndroidManifest.xml:27:13-47
	android:name
		ADDED from src/main/AndroidManifest.xml:26:13-35
intent-filter#android.intent.action.MAIN+android.intent.category.SAMPLE_CODE
ADDED from src/main/AndroidManifest.xml:28:13-32:29
category#android.intent.category.SAMPLE_CODE
ADDED from src/main/AndroidManifest.xml:31:17-80
	android:name
		ADDED from src/main/AndroidManifest.xml:31:27-77
activity#jp.co.se.android.recipe.chapter03.Ch0302
ADDED from src/main/AndroidManifest.xml:34:9-42:20
	android:label
		ADDED from src/main/AndroidManifest.xml:36:13-47
	android:name
		ADDED from src/main/AndroidManifest.xml:35:13-35
activity#jp.co.se.android.recipe.chapter03.Ch0303
ADDED from src/main/AndroidManifest.xml:43:9-51:20
	android:label
		ADDED from src/main/AndroidManifest.xml:45:13-47
	android:name
		ADDED from src/main/AndroidManifest.xml:44:13-35
activity#jp.co.se.android.recipe.chapter03.Ch0304
ADDED from src/main/AndroidManifest.xml:52:9-60:20
	android:label
		ADDED from src/main/AndroidManifest.xml:54:13-47
	android:name
		ADDED from src/main/AndroidManifest.xml:53:13-35
activity#jp.co.se.android.recipe.chapter03.Ch0305
ADDED from src/main/AndroidManifest.xml:61:9-69:20
	android:label
		ADDED from src/main/AndroidManifest.xml:63:13-47
	android:name
		ADDED from src/main/AndroidManifest.xml:62:13-35
activity#jp.co.se.android.recipe.chapter03.Ch0306
ADDED from src/main/AndroidManifest.xml:70:9-78:20
	android:label
		ADDED from src/main/AndroidManifest.xml:72:13-47
	android:name
		ADDED from src/main/AndroidManifest.xml:71:13-35
activity#jp.co.se.android.recipe.chapter03.Ch0307
ADDED from src/main/AndroidManifest.xml:79:9-87:20
	android:label
		ADDED from src/main/AndroidManifest.xml:81:13-47
	android:name
		ADDED from src/main/AndroidManifest.xml:80:13-35
activity#jp.co.se.android.recipe.chapter03.Ch0308
ADDED from src/main/AndroidManifest.xml:88:9-96:20
	android:label
		ADDED from src/main/AndroidManifest.xml:90:13-47
	android:name
		ADDED from src/main/AndroidManifest.xml:89:13-35
activity#jp.co.se.android.recipe.chapter03.Ch0309
ADDED from src/main/AndroidManifest.xml:97:9-105:20
	android:label
		ADDED from src/main/AndroidManifest.xml:99:13-47
	android:name
		ADDED from src/main/AndroidManifest.xml:98:13-35
activity#jp.co.se.android.recipe.chapter03.Ch0310
ADDED from src/main/AndroidManifest.xml:106:9-114:20
	android:label
		ADDED from src/main/AndroidManifest.xml:108:13-48
	android:name
		ADDED from src/main/AndroidManifest.xml:107:13-35
activity#jp.co.se.android.recipe.chapter03.Ch0311
ADDED from src/main/AndroidManifest.xml:115:9-123:20
	android:label
		ADDED from src/main/AndroidManifest.xml:117:13-48
	android:name
		ADDED from src/main/AndroidManifest.xml:116:13-35
activity#jp.co.se.android.recipe.chapter03.Ch0312
ADDED from src/main/AndroidManifest.xml:124:9-132:20
	android:label
		ADDED from src/main/AndroidManifest.xml:126:13-48
	android:name
		ADDED from src/main/AndroidManifest.xml:125:13-35
activity#jp.co.se.android.recipe.chapter03.Ch0313
ADDED from src/main/AndroidManifest.xml:133:9-141:20
	android:label
		ADDED from src/main/AndroidManifest.xml:135:13-48
	android:name
		ADDED from src/main/AndroidManifest.xml:134:13-35
activity#jp.co.se.android.recipe.chapter03.Ch0314
ADDED from src/main/AndroidManifest.xml:142:9-150:20
	android:label
		ADDED from src/main/AndroidManifest.xml:144:13-48
	android:name
		ADDED from src/main/AndroidManifest.xml:143:13-35